#
# There is insufficient memory for the Java Runtime Environment to continue.
# Native memory allocation (mmap) failed to map 34078720 bytes for committing reserved memory.
# Possible reasons:
#   The system is out of physical RAM or swap space
#   The process is running with CompressedOops enabled, and the Java Heap may be blocking the growth of the native heap
# Possible solutions:
#   Reduce memory load on the system
#   Increase physical memory or swap space
#   Check if swap backing store is full
#   Decrease Java heap size (-Xmx/-Xms)
#   Decrease number of Java threads
#   Decrease Java thread stack sizes (-Xss)
#   Set larger code cache with -XX:ReservedCodeCacheSize=
#   JVM is running with Unscaled Compressed Oops mode in which the Java heap is
#     placed in the first 4GB address space. The Java Heap base address is the
#     maximum limit for the native heap growth. Please use -XX:HeapBaseMinAddress
#     to set the Java Heap base and to place the Java Heap above 4GB virtual address.
# This output file may be truncated or incomplete.
#
#  Out of Memory Error (os_linux.cpp:2757), pid=5501, tid=0x00007f58ecd85700
#
# JRE version: OpenJDK Runtime Environment (8.0_222-b10) (build 1.8.0_222-8u222-b10-1ubuntu1~18.04.1-b10)
# Java VM: OpenJDK 64-Bit Server VM (25.222-b10 mixed mode linux-amd64 compressed oops)
# Failed to write core dump. Core dumps have been disabled. To enable core dumping, try "ulimit -c unlimited" before starting Java again
#

---------------  T H R E A D  ---------------

Current thread (0x00007f5900143000):  VMThread [stack: 0x00007f58ecc86000,0x00007f58ecd86000] [id=5514]

Stack: [0x00007f58ecc86000,0x00007f58ecd86000],  sp=0x00007f58ecd844a0,  free space=1017k
Native frames: (J=compiled Java code, j=interpreted, Vv=VM code, C=native code)
V  [libjvm.so+0xab8992]
V  [libjvm.so+0x4dbfd7]
V  [libjvm.so+0x8f33a0]
V  [libjvm.so+0x8ea46e]
V  [libjvm.so+0x96e106]
V  [libjvm.so+0x96f478]
V  [libjvm.so+0x96ba76]
V  [libjvm.so+0x96be0c]
V  [libjvm.so+0x91a5a8]
V  [libjvm.so+0xaba662]
V  [libjvm.so+0xabf1d6]
V  [libjvm.so+0xabd4d5]
V  [libjvm.so+0xabddad]
V  [libjvm.so+0xabe1b8]
V  [libjvm.so+0x8f0732]

VM_Operation (0x00007f58a79f4640): ParallelGCFailedAllocation, mode: safepoint, requested by thread 0x00007f5890009800


---------------  P R O C E S S  ---------------

Java Threads: ( => current thread )
  0x00007f5898296800 JavaThread "pool-4-thread-6" [_thread_blocked, id=6053, stack(0x00007f58a67a9000,0x00007f58a68aa000)]
  0x00007f5890009800 JavaThread "pool-4-thread-5" [_thread_blocked, id=6052, stack(0x00007f58a78fb000,0x00007f58a79fc000)]
  0x00007f59016a1800 JavaThread "pool-4-thread-4" [_thread_blocked, id=6051, stack(0x00007f58a7afd000,0x00007f58a7bfe000)]
  0x00007f59016a1000 JavaThread "pool-4-thread-3" [_thread_blocked, id=6050, stack(0x00007f58a7cff000,0x00007f58a7e00000)]
  0x00007f5901fea800 JavaThread "pool-4-thread-2" [_thread_blocked, id=6049, stack(0x00007f58dccfe000,0x00007f58dcdff000)]
  0x00007f5901fea000 JavaThread "pool-4-thread-1" [_thread_blocked, id=6048, stack(0x00007f58a79fc000,0x00007f58a7afd000)]
  0x00007f590019a000 JavaThread "Service Thread" daemon [_thread_blocked, id=5525, stack(0x00007f58ec177000,0x00007f58ec278000)]
  0x00007f5900197000 JavaThread "C1 CompilerThread2" daemon [_thread_blocked, id=5524, stack(0x00007f58ec279000,0x00007f58ec379000)]
  0x00007f5900195000 JavaThread "C2 CompilerThread1" daemon [_thread_in_native, id=5523, stack(0x00007f58ec37a000,0x00007f58ec47a000)]
  0x00007f5900192800 JavaThread "C2 CompilerThread0" daemon [_thread_blocked, id=5522, stack(0x00007f58ec47b000,0x00007f58ec57b000)]
  0x00007f5900190000 JavaThread "JDWP Event Helper Thread" daemon [_thread_blocked, id=5521, stack(0x00007f58ec57b000,0x00007f58ec67c000)]
  0x00007f590018c800 JavaThread "JDWP Transport Listener: dt_socket" daemon [_thread_in_native, id=5520, stack(0x00007f58ec67c000,0x00007f58ec77d000)]
  0x00007f5900180800 JavaThread "Signal Dispatcher" daemon [_thread_blocked, id=5519, stack(0x00007f58ec982000,0x00007f58eca83000)]
  0x00007f590014f000 JavaThread "Finalizer" daemon [_thread_blocked, id=5516, stack(0x00007f58eca83000,0x00007f58ecb84000)]
  0x00007f590014c800 JavaThread "Reference Handler" daemon [_thread_blocked, id=5515, stack(0x00007f58ecb84000,0x00007f58ecc85000)]
  0x00007f590000e000 JavaThread "main" [_thread_blocked, id=5506, stack(0x00007f5906beb000,0x00007f5906ceb000)]

Other Threads:
=>0x00007f5900143000 VMThread [stack: 0x00007f58ecc86000,0x00007f58ecd86000] [id=5514]
  0x00007f590019c800 WatcherThread [stack: 0x00007f58ec077000,0x00007f58ec177000] [id=5526]

VM state:at safepoint (normal execution)

VM Mutex/Monitor currently owned by a thread:  ([mutex/lock_event])
[0x00007f590000a500] Threads_lock - owner thread: 0x00007f5900143000
[0x00007f590000aa00] Heap_lock - owner thread: 0x00007f5890009800

heap address: 0x00000000a0000000, size: 1536 MB, Compressed Oops mode: 32-bit
Narrow klass base: 0x0000000000000000, Narrow klass shift: 3
Compressed class space size: 1073741824 Address: 0x0000000100000000

Heap:
 PSYoungGen      total 121856K, used 6408K [0x00000000e0000000, 0x00000000e8300000, 0x0000000100000000)
  eden space 110592K, 0% used [0x00000000e0000000,0x00000000e0000000,0x00000000e6c00000)
  from space 11264K, 56% used [0x00000000e7800000,0x00000000e7e422c0,0x00000000e8300000)
  to   space 11264K, 0% used [0x00000000e6c00000,0x00000000e6c00000,0x00000000e7700000)
 ParOldGen       total 30720K, used 14205K [0x00000000a0000000, 0x00000000a1e00000, 0x00000000e0000000)
  object space 30720K, 46% used [0x00000000a0000000,0x00000000a0ddf668,0x00000000a1e00000)
 Metaspace       used 54269K, capacity 54782K, committed 54960K, reserved 1095680K
  class space    used 9433K, capacity 9577K, committed 9648K, reserved 1048576K

Card table byte_map: [0x00007f58eee68000,0x00007f58ef169000] byte_map_base: 0x00007f58ee968000

Marking Bits: (ParMarkBitMap*) 0x00007f5905e84360
 Begin Bits: [0x00007f58e5000000, 0x00007f58e6800000)
 End Bits:   [0x00007f58e6800000, 0x00007f58e8000000)

Polling page: 0x00007f5906d05000

CodeCache: size=245760Kb used=21419Kb max_used=21419Kb free=224340Kb
 bounds [0x00007f58ef529000, 0x00007f58f0a39000, 0x00007f58fe529000]
 total_blobs=7155 nmethods=6649 adapters=425
 compilation: enabled

Compilation events (10 events):
Event: 172.238 Thread 0x00007f5900197000 nmethod 7645 0x00007f58f0a25cd0 code [0x00007f58f0a25e60, 0x00007f58f0a26190]
Event: 172.238 Thread 0x00007f5900197000 7646       3       java.text.DigitList::getStringBuffer (36 bytes)
Event: 172.239 Thread 0x00007f5900197000 nmethod 7646 0x00007f58f0a251d0 code [0x00007f58f0a25380, 0x00007f58f0a25a48]
Event: 172.272 Thread 0x00007f5900197000 7648       1       sbt.ProjectResolver$::InterProject (5 bytes)
Event: 172.273 Thread 0x00007f5900197000 nmethod 7648 0x00007f58f0a24f10 code [0x00007f58f0a25060, 0x00007f58f0a25170]
Event: 172.410 Thread 0x00007f5900197000 7649       3       com.sun.org.apache.xerces.internal.impl.dtd.XMLEntityDecl::<init> (5 bytes)
Event: 172.415 Thread 0x00007f5900197000 nmethod 7649 0x00007f58f0a24b50 code [0x00007f58f0a24cc0, 0x00007f58f0a24e70]
Event: 172.419 Thread 0x00007f5900197000 7650       3       com.sun.org.apache.xerces.internal.utils.XMLSecurityPropertyManager::getValue (10 bytes)
Event: 172.423 Thread 0x00007f5900197000 nmethod 7650 0x00007f58f0a2bed0 code [0x00007f58f0a2c040, 0x00007f58f0a2c250]
Event: 172.564 Thread 0x00007f5900197000 7652       3       org.apache.ivy.core.module.descriptor.DefaultModuleDescriptor::addArtifact (187 bytes)

GC Heap History (10 events):
Event: 105.379 GC heap after
Heap after GC invocations=17 (full 2):
 PSYoungGen      total 104960K, used 5697K [0x00000000e0000000, 0x00000000e8100000, 0x0000000100000000)
  eden space 94720K, 0% used [0x00000000e0000000,0x00000000e0000000,0x00000000e5c80000)
  from space 10240K, 55% used [0x00000000e5c80000,0x00000000e6210690,0x00000000e6680000)
  to   space 10240K, 0% used [0x00000000e7700000,0x00000000e7700000,0x00000000e8100000)
 ParOldGen       total 30720K, used 18431K [0x00000000a0000000, 0x00000000a1e00000, 0x00000000e0000000)
  object space 30720K, 59% used [0x00000000a0000000,0x00000000a11ffc00,0x00000000a1e00000)
 Metaspace       used 51344K, capacity 51878K, committed 52144K, reserved 1093632K
  class space    used 8753K, capacity 8865K, committed 8880K, reserved 1048576K
}
Event: 155.780 GC heap before
{Heap before GC invocations=18 (full 2):
 PSYoungGen      total 104960K, used 74862K [0x00000000e0000000, 0x00000000e8100000, 0x0000000100000000)
  eden space 94720K, 73% used [0x00000000e0000000,0x00000000e438b2b0,0x00000000e5c80000)
  from space 10240K, 55% used [0x00000000e5c80000,0x00000000e6210690,0x00000000e6680000)
  to   space 10240K, 0% used [0x00000000e7700000,0x00000000e7700000,0x00000000e8100000)
 ParOldGen       total 30720K, used 18431K [0x00000000a0000000, 0x00000000a1e00000, 0x00000000e0000000)
  object space 30720K, 59% used [0x00000000a0000000,0x00000000a11ffc00,0x00000000a1e00000)
 Metaspace       used 53270K, capacity 53702K, committed 53936K, reserved 1093632K
  class space    used 9225K, capacity 9345K, committed 9392K, reserved 1048576K
Event: 156.836 GC heap after
Heap after GC invocations=18 (full 2):
 PSYoungGen      total 120832K, used 8265K [0x00000000e0000000, 0x00000000e8300000, 0x0000000100000000)
  eden space 110592K, 0% used [0x00000000e0000000,0x00000000e0000000,0x00000000e6c00000)
  from space 10240K, 80% used [0x00000000e7700000,0x00000000e7f12508,0x00000000e8100000)
  to   space 11264K, 0% used [0x00000000e6c00000,0x00000000e6c00000,0x00000000e7700000)
 ParOldGen       total 30720K, used 18439K [0x00000000a0000000, 0x00000000a1e00000, 0x00000000e0000000)
  object space 30720K, 60% used [0x00000000a0000000,0x00000000a1201c00,0x00000000a1e00000)
 Metaspace       used 53270K, capacity 53702K, committed 53936K, reserved 1093632K
  class space    used 9225K, capacity 9345K, committed 9392K, reserved 1048576K
}
Event: 156.836 GC heap before
{Heap before GC invocations=19 (full 3):
 PSYoungGen      total 120832K, used 8265K [0x00000000e0000000, 0x00000000e8300000, 0x0000000100000000)
  eden space 110592K, 0% used [0x00000000e0000000,0x00000000e0000000,0x00000000e6c00000)
  from space 10240K, 80% used [0x00000000e7700000,0x00000000e7f12508,0x00000000e8100000)
  to   space 11264K, 0% used [0x00000000e6c00000,0x00000000e6c00000,0x00000000e7700000)
 ParOldGen       total 30720K, used 18439K [0x00000000a0000000, 0x00000000a1e00000, 0x00000000e0000000)
  object space 30720K, 60% used [0x00000000a0000000,0x00000000a1201c00,0x00000000a1e00000)
 Metaspace       used 53270K, capacity 53702K, committed 53936K, reserved 1093632K
  class space    used 9225K, capacity 9345K, committed 9392K, reserved 1048576K
Event: 160.281 GC heap after
Heap after GC invocations=19 (full 3):
 PSYoungGen      total 120832K, used 0K [0x00000000e0000000, 0x00000000e8300000, 0x0000000100000000)
  eden space 110592K, 0% used [0x00000000e0000000,0x00000000e0000000,0x00000000e6c00000)
  from space 10240K, 0% used [0x00000000e7700000,0x00000000e7700000,0x00000000e8100000)
  to   space 11264K, 0% used [0x00000000e6c00000,0x00000000e6c00000,0x00000000e7700000)
 ParOldGen       total 30720K, used 17663K [0x00000000a0000000, 0x00000000a1e00000, 0x00000000e0000000)
  object space 30720K, 57% used [0x00000000a0000000,0x00000000a113fd78,0x00000000a1e00000)
 Metaspace       used 53270K, capacity 53702K, committed 53936K, reserved 1093632K
  class space    used 9225K, capacity 9345K, committed 9392K, reserved 1048576K
}
Event: 160.329 GC heap before
{Heap before GC invocations=20 (full 3):
 PSYoungGen      total 120832K, used 2233K [0x00000000e0000000, 0x00000000e8300000, 0x0000000100000000)
  eden space 110592K, 2% used [0x00000000e0000000,0x00000000e022e7d0,0x00000000e6c00000)
  from space 10240K, 0% used [0x00000000e7700000,0x00000000e7700000,0x00000000e8100000)
  to   space 11264K, 0% used [0x00000000e6c00000,0x00000000e6c00000,0x00000000e7700000)
 ParOldGen       total 30720K, used 17663K [0x00000000a0000000, 0x00000000a1e00000, 0x00000000e0000000)
  object space 30720K, 57% used [0x00000000a0000000,0x00000000a113fd78,0x00000000a1e00000)
 Metaspace       used 53272K, capacity 53702K, committed 53936K, reserved 1093632K
  class space    used 9226K, capacity 9345K, committed 9392K, reserved 1048576K
Event: 160.335 GC heap after
Heap after GC invocations=20 (full 3):
 PSYoungGen      total 121856K, used 64K [0x00000000e0000000, 0x00000000e8300000, 0x0000000100000000)
  eden space 110592K, 0% used [0x00000000e0000000,0x00000000e0000000,0x00000000e6c00000)
  from space 11264K, 0% used [0x00000000e6c00000,0x00000000e6c10000,0x00000000e7700000)
  to   space 11264K, 0% used [0x00000000e7800000,0x00000000e7800000,0x00000000e8300000)
 ParOldGen       total 30720K, used 17663K [0x00000000a0000000, 0x00000000a1e00000, 0x00000000e0000000)
  object space 30720K, 57% used [0x00000000a0000000,0x00000000a113fd78,0x00000000a1e00000)
 Metaspace       used 53272K, capacity 53702K, committed 53936K, reserved 1093632K
  class space    used 9226K, capacity 9345K, committed 9392K, reserved 1048576K
}
Event: 160.335 GC heap before
{Heap before GC invocations=21 (full 4):
 PSYoungGen      total 121856K, used 64K [0x00000000e0000000, 0x00000000e8300000, 0x0000000100000000)
  eden space 110592K, 0% used [0x00000000e0000000,0x00000000e0000000,0x00000000e6c00000)
  from space 11264K, 0% used [0x00000000e6c00000,0x00000000e6c10000,0x00000000e7700000)
  to   space 11264K, 0% used [0x00000000e7800000,0x00000000e7800000,0x00000000e8300000)
 ParOldGen       total 30720K, used 17663K [0x00000000a0000000, 0x00000000a1e00000, 0x00000000e0000000)
  object space 30720K, 57% used [0x00000000a0000000,0x00000000a113fd78,0x00000000a1e00000)
 Metaspace       used 53272K, capacity 53702K, committed 53936K, reserved 1093632K
  class space    used 9226K, capacity 9345K, committed 9392K, reserved 1048576K
Event: 160.739 GC heap after
Heap after GC invocations=21 (full 4):
 PSYoungGen      total 121856K, used 0K [0x00000000e0000000, 0x00000000e8300000, 0x0000000100000000)
  eden space 110592K, 0% used [0x00000000e0000000,0x00000000e0000000,0x00000000e6c00000)
  from space 11264K, 0% used [0x00000000e6c00000,0x00000000e6c00000,0x00000000e7700000)
  to   space 11264K, 0% used [0x00000000e7800000,0x00000000e7800000,0x00000000e8300000)
 ParOldGen       total 30720K, used 14197K [0x00000000a0000000, 0x00000000a1e00000, 0x00000000e0000000)
  object space 30720K, 46% used [0x00000000a0000000,0x00000000a0ddd668,0x00000000a1e00000)
 Metaspace       used 53272K, capacity 53702K, committed 53936K, reserved 1093632K
  class space    used 9226K, capacity 9345K, committed 9392K, reserved 1048576K
}
Event: 172.665 GC heap before
{Heap before GC invocations=22 (full 4):
 PSYoungGen      total 121856K, used 110592K [0x00000000e0000000, 0x00000000e8300000, 0x0000000100000000)
  eden space 110592K, 100% used [0x00000000e0000000,0x00000000e6c00000,0x00000000e6c00000)
  from space 11264K, 0% used [0x00000000e6c00000,0x00000000e6c00000,0x00000000e7700000)
  to   space 11264K, 0% used [0x00000000e7800000,0x00000000e7800000,0x00000000e8300000)
 ParOldGen       total 30720K, used 14197K [0x00000000a0000000, 0x00000000a1e00000, 0x00000000e0000000)
  object space 30720K, 46% used [0x00000000a0000000,0x00000000a0ddd668,0x00000000a1e00000)
 Metaspace       used 54269K, capacity 54782K, committed 54960K, reserved 1095680K
  class space    used 9433K, capacity 9577K, committed 9648K, reserved 1048576K

Deoptimization events (10 events):
Event: 165.992 Thread 0x00007f5890009800 Uncommon trap: reason=class_check action=maybe_recompile pc=0x00007f58efbc799c method=sbinary.JavaUTF$class.sbinary$JavaUTF$$fetchBuffers(Lsbinary/JavaUTF;I)Lscala/Tuple2; @ 24
Event: 166.317 Thread 0x00007f5890009800 Uncommon trap: reason=null_check action=make_not_entrant pc=0x00007f58f05830b8 method=org.apache.ivy.core.IvyContext.getCurrentStack()Ljava/util/Stack; @ 6
Event: 166.321 Thread 0x00007f5890009800 Uncommon trap: reason=unstable_if action=reinterpret pc=0x00007f58f0846060 method=java.util.Properties.load0(Ljava/util/Properties$LineReader;)V @ 80
Event: 166.382 Thread 0x00007f5890009800 Uncommon trap: reason=unstable_if action=reinterpret pc=0x00007f58efcd151c method=com.sun.org.apache.xerces.internal.impl.XMLEntityScanner.checkBeforeLoad(Lcom/sun/xml/internal/stream/Entity$ScannedEntity;II)I @ 18
Event: 166.390 Thread 0x00007f5890009800 Uncommon trap: reason=unstable_if action=reinterpret pc=0x00007f58f0614b58 method=org.apache.ivy.core.module.descriptor.DefaultDependencyDescriptor.getDependencyConfigurations(Ljava/lang/String;Ljava/lang/String;)[Ljava/lang/String; @ 575
Event: 166.421 Thread 0x00007f5890009800 Uncommon trap: reason=array_check action=maybe_recompile pc=0x00007f58effc8e18 method=scala.collection.mutable.ArrayBuilder$ofRef.$plus$eq(Ljava/lang/Object;)Lscala/collection/mutable/ArrayBuilder$ofRef; @ 19
Event: 166.421 Thread 0x00007f5890009800 Uncommon trap: reason=array_check action=maybe_recompile pc=0x00007f58effc8e18 method=scala.collection.mutable.ArrayBuilder$ofRef.$plus$eq(Ljava/lang/Object;)Lscala/collection/mutable/ArrayBuilder$ofRef; @ 19
Event: 166.449 Thread 0x00007f5890009800 Uncommon trap: reason=unstable_if action=reinterpret pc=0x00007f58f046cbf8 method=org.apache.ivy.core.settings.IvySettings.debugConflictResolution()Z @ 4
Event: 166.454 Thread 0x00007f5890009800 Uncommon trap: reason=array_check action=maybe_recompile pc=0x00007f58effc8e18 method=scala.collection.mutable.ArrayBuilder$ofRef.$plus$eq(Ljava/lang/Object;)Lscala/collection/mutable/ArrayBuilder$ofRef; @ 19
Event: 166.454 Thread 0x00007f5890009800 Uncommon trap: reason=array_check action=maybe_recompile pc=0x00007f58effc8e18 method=scala.collection.mutable.ArrayBuilder$ofRef.$plus$eq(Ljava/lang/Object;)Lscala/collection/mutable/ArrayBuilder$ofRef; @ 19

Classes redefined (0 events):
No events

Internal exceptions (10 events):
Event: 71.568 Thread 0x00007f5901e20800 Implicit null exception at 0x00007f58f0582c54 to 0x00007f58f0583825
Event: 142.078 Thread 0x00007f590000e000 Implicit null exception at 0x00007f58ef72a312 to 0x00007f58ef72a6b9
Event: 142.215 Thread 0x00007f5898296800 Implicit null exception at 0x00007f58f060a4c8 to 0x00007f58f060a675
Event: 142.215 Thread 0x00007f5901e1d800 Implicit null exception at 0x00007f58f060a4c8 to 0x00007f58f060a675
Event: 142.262 Thread 0x00007f5901e20800 Exception <a 'java/io/FileNotFoundException'> (0x00000000e35b3530) thrown at [/build/openjdk-8-OqY7zN/openjdk-8-8u222-b10/src/hotspot/src/share/vm/prims/jni.cpp, line 710]
Event: 160.899 Thread 0x00007f590000e000 Exception <a 'java/security/PrivilegedActionException'> (0x00000000e00b62b8) thrown at [/build/openjdk-8-OqY7zN/openjdk-8-8u222-b10/src/hotspot/src/share/vm/prims/jvm.cpp, line 1502]
Event: 160.902 Thread 0x00007f590000e000 Exception <a 'java/security/PrivilegedActionException'> (0x00000000e00b6a80) thrown at [/build/openjdk-8-OqY7zN/openjdk-8-8u222-b10/src/hotspot/src/share/vm/prims/jvm.cpp, line 1502]
Event: 166.036 Thread 0x00007f59016a1800 Exception <a 'sun/nio/fs/UnixException'> (0x00000000e2fe7ed8) thrown at [/build/openjdk-8-OqY7zN/openjdk-8-8u222-b10/src/hotspot/src/share/vm/prims/jni.cpp, line 710]
Event: 166.317 Thread 0x00007f5890009800 Implicit null exception at 0x00007f58f0582db0 to 0x00007f58f05830ad
Event: 166.449 Thread 0x00007f5890009800 Implicit null exception at 0x00007f58f046cbd3 to 0x00007f58f046cbe4

Events (10 events):
Event: 172.609 Thread 0x00007f5890009800 DEOPT UNPACKING pc=0x00007f58ef5704c4 sp=0x00007f58a79f49c8 mode 1
Event: 172.609 Thread 0x00007f5890009800 DEOPT PACKING pc=0x00007f58f0288768 sp=0x00007f58a79f4cf0
Event: 172.609 Thread 0x00007f5890009800 DEOPT UNPACKING pc=0x00007f58ef5704c4 sp=0x00007f58a79f4a38 mode 1
Event: 172.650 Thread 0x00007f5890009800 DEOPT PACKING pc=0x00007f58f03dc8f5 sp=0x00007f58a79f5c30
Event: 172.650 Thread 0x00007f5890009800 DEOPT UNPACKING pc=0x00007f58ef5704c4 sp=0x00007f58a79f5968 mode 1
Event: 172.650 Thread 0x00007f5890009800 DEOPT PACKING pc=0x00007f58f0288768 sp=0x00007f58a79f5c90
Event: 172.650 Thread 0x00007f5890009800 DEOPT UNPACKING pc=0x00007f58ef5704c4 sp=0x00007f58a79f59d8 mode 1
Event: 172.652 Thread 0x00007f5890009800 DEOPT PACKING pc=0x00007f58efd77a70 sp=0x00007f58a79f61c0
Event: 172.652 Thread 0x00007f5890009800 DEOPT UNPACKING pc=0x00007f58ef5704c4 sp=0x00007f58a79f5f08 mode 1
Event: 172.655 Executing VM operation: ParallelGCFailedAllocation


Dynamic libraries:
a0000000-a1e00000 rw-p 00000000 00:00 0 
a1e00000-e0000000 ---p 00000000 00:00 0 
e0000000-e8300000 rw-p 00000000 00:00 0 
ea380000-100000000 ---p 00000000 00:00 0 
100000000-10096c000 rw-p 00000000 00:00 0 
10096c000-140000000 ---p 00000000 00:00 0 
55d6db260000-55d6db261000 r-xp 00000000 08:04 801403                     /usr/lib/jvm/java-8-openjdk-amd64/jre/bin/java
55d6db460000-55d6db461000 r--p 00000000 08:04 801403                     /usr/lib/jvm/java-8-openjdk-amd64/jre/bin/java
55d6db461000-55d6db462000 rw-p 00001000 08:04 801403                     /usr/lib/jvm/java-8-openjdk-amd64/jre/bin/java
55d6dc7af000-55d6dc7d0000 rw-p 00000000 00:00 0                          [heap]
7f587c000000-7f587c088000 rw-p 00000000 00:00 0 
7f587c088000-7f5880000000 ---p 00000000 00:00 0 
7f5880000000-7f5880021000 rw-p 00000000 00:00 0 
7f5880021000-7f5884000000 ---p 00000000 00:00 0 
7f5884000000-7f58842cd000 rw-p 00000000 00:00 0 
7f58842cd000-7f5888000000 ---p 00000000 00:00 0 
7f5888000000-7f5888021000 rw-p 00000000 00:00 0 
7f5888021000-7f588c000000 ---p 00000000 00:00 0 
7f588c000000-7f588c064000 rw-p 00000000 00:00 0 
7f588c064000-7f5890000000 ---p 00000000 00:00 0 
7f5890000000-7f5890021000 rw-p 00000000 00:00 0 
7f5890021000-7f5894000000 ---p 00000000 00:00 0 
7f5894000000-7f5894021000 rw-p 00000000 00:00 0 
7f5894021000-7f5898000000 ---p 00000000 00:00 0 
7f5898000000-7f58984a7000 rw-p 00000000 00:00 0 
7f58984a7000-7f589c000000 ---p 00000000 00:00 0 
7f589c000000-7f589c075000 rw-p 00000000 00:00 0 
7f589c075000-7f58a0000000 ---p 00000000 00:00 0 
7f58a0000000-7f58a0021000 rw-p 00000000 00:00 0 
7f58a0021000-7f58a4000000 ---p 00000000 00:00 0 
7f58a601a000-7f58a605a000 rw-p 00000000 00:00 0 
7f58a605a000-7f58a621d000 ---p 00000000 00:00 0 
7f58a621d000-7f58a631b000 rw-p 00000000 00:00 0 
7f58a63a9000-7f58a65a9000 rw-p 00000000 00:00 0 
7f58a65a9000-7f58a67a9000 rw-p 00000000 00:00 0 
7f58a67a9000-7f58a67ac000 ---p 00000000 00:00 0 
7f58a67ac000-7f58a6aaa000 rw-p 00000000 00:00 0 
7f58a6aaa000-7f58a6ac1000 r-xp 00000000 08:04 792237                     /lib/x86_64-linux-gnu/libresolv-2.27.so
7f58a6ac1000-7f58a6cc1000 ---p 00017000 08:04 792237                     /lib/x86_64-linux-gnu/libresolv-2.27.so
7f58a6cc1000-7f58a6cc2000 r--p 00017000 08:04 792237                     /lib/x86_64-linux-gnu/libresolv-2.27.so
7f58a6cc2000-7f58a6cc3000 rw-p 00018000 08:04 792237                     /lib/x86_64-linux-gnu/libresolv-2.27.so
7f58a6cc3000-7f58a6cc5000 rw-p 00000000 00:00 0 
7f58a6cc5000-7f58a6cca000 r-xp 00000000 08:04 792186                     /lib/x86_64-linux-gnu/libnss_dns-2.27.so
7f58a6cca000-7f58a6eca000 ---p 00005000 08:04 792186                     /lib/x86_64-linux-gnu/libnss_dns-2.27.so
7f58a6eca000-7f58a6ecb000 r--p 00005000 08:04 792186                     /lib/x86_64-linux-gnu/libnss_dns-2.27.so
7f58a6ecb000-7f58a6ecc000 rw-p 00006000 08:04 792186                     /lib/x86_64-linux-gnu/libnss_dns-2.27.so
7f58a6ecc000-7f58a6ece000 r-xp 00000000 08:04 792194                     /lib/x86_64-linux-gnu/libnss_mdns4_minimal.so.2
7f58a6ece000-7f58a70cd000 ---p 00002000 08:04 792194                     /lib/x86_64-linux-gnu/libnss_mdns4_minimal.so.2
7f58a70cd000-7f58a70ce000 r--p 00001000 08:04 792194                     /lib/x86_64-linux-gnu/libnss_mdns4_minimal.so.2
7f58a70ce000-7f58a70cf000 rw-p 00002000 08:04 792194                     /lib/x86_64-linux-gnu/libnss_mdns4_minimal.so.2
7f58a70cf000-7f58a72cf000 rw-p 00000000 00:00 0 
7f58a72cf000-7f58a72f7000 r-xp 00000000 08:04 801446                     /usr/lib/jvm/java-8-openjdk-amd64/jre/lib/amd64/libsunec.so
7f58a72f7000-7f58a74f6000 ---p 00028000 08:04 801446                     /usr/lib/jvm/java-8-openjdk-amd64/jre/lib/amd64/libsunec.so
7f58a74f6000-7f58a74fa000 r--p 00027000 08:04 801446                     /usr/lib/jvm/java-8-openjdk-amd64/jre/lib/amd64/libsunec.so
7f58a74fa000-7f58a74fb000 rw-p 0002b000 08:04 801446                     /usr/lib/jvm/java-8-openjdk-amd64/jre/lib/amd64/libsunec.so
7f58a74fb000-7f58a76fb000 rw-p 00000000 00:00 0 
7f58a76fb000-7f58a78fb000 rw-p 00000000 00:00 0 
7f58a78fb000-7f58a78fe000 ---p 00000000 00:00 0 
7f58a78fe000-7f58a79fc000 rw-p 00000000 00:00 0 
7f58a79fc000-7f58a79ff000 ---p 00000000 00:00 0 
7f58a79ff000-7f58a7afd000 rw-p 00000000 00:00 0 
7f58a7afd000-7f58a7b00000 ---p 00000000 00:00 0 
7f58a7b00000-7f58a7bfe000 rw-p 00000000 00:00 0 
7f58a7bfe000-7f58a7c01000 ---p 00000000 00:00 0 
7f58a7c01000-7f58a7cff000 rw-p 00000000 00:00 0 
7f58a7cff000-7f58a7d02000 ---p 00000000 00:00 0 
7f58a7d02000-7f58a8000000 rw-p 00000000 00:00 0 
7f58a8000000-7f58a8021000 rw-p 00000000 00:00 0 
7f58a8021000-7f58ac000000 ---p 00000000 00:00 0 
7f58ac000000-7f58ac021000 rw-p 00000000 00:00 0 
7f58ac021000-7f58b0000000 ---p 00000000 00:00 0 
7f58b0000000-7f58b4000000 rw-p 00000000 00:00 0 
7f58b4000000-7f58b49ce000 rw-p 00000000 00:00 0 
7f58b49ce000-7f58b8000000 ---p 00000000 00:00 0 
7f58b8000000-7f58b8021000 rw-p 00000000 00:00 0 
7f58b8021000-7f58bc000000 ---p 00000000 00:00 0 
7f58bc000000-7f58bf756000 rw-p 00000000 00:00 0 
7f58bf756000-7f58c0000000 ---p 00000000 00:00 0 
7f58c0000000-7f58c0021000 rw-p 00000000 00:00 0 
7f58c0021000-7f58c4000000 ---p 00000000 00:00 0 
7f58c4000000-7f58c4021000 rw-p 00000000 00:00 0 
7f58c4021000-7f58c8000000 ---p 00000000 00:00 0 
7f58c8000000-7f58c8021000 rw-p 00000000 00:00 0 
7f58c8021000-7f58cc000000 ---p 00000000 00:00 0 
7f58cc000000-7f58cc03e000 rw-p 00000000 00:00 0 
7f58cc03e000-7f58d0000000 ---p 00000000 00:00 0 
7f58d0000000-7f58d003f000 rw-p 00000000 00:00 0 
7f58d003f000-7f58d4000000 ---p 00000000 00:00 0 
7f58d4000000-7f58d40ab000 rw-p 00000000 00:00 0 
7f58d40ab000-7f58d8000000 ---p 00000000 00:00 0 
7f58d8000000-7f58d8026000 rw-p 00000000 00:00 0 
7f58d8026000-7f58dc000000 ---p 00000000 00:00 0 
7f58dc0f9000-7f58dc2f9000 rw-p 00000000 00:00 0 
7f58dc2f9000-7f58dc4f9000 rw-p 00000000 00:00 0 
7f58dc4f9000-7f58dc6f9000 rw-p 00000000 00:00 0 
7f58dc6f9000-7f58dc8f9000 rw-p 00000000 00:00 0 
7f58dc8f9000-7f58dcaf9000 rw-p 00000000 00:00 0 
7f58dcaf9000-7f58dccf9000 rw-p 00000000 00:00 0 
7f58dccfe000-7f58dcd01000 ---p 00000000 00:00 0 
7f58dcd01000-7f58dcfff000 rw-p 00000000 00:00 0 
7f58dcfff000-7f58e0000000 rw-p 00000000 00:00 0 
7f58e0000000-7f58e0021000 rw-p 00000000 00:00 0 
7f58e0021000-7f58e4000000 ---p 00000000 00:00 0 
7f58e4054000-7f58e4059000 r--s 00045000 08:04 2106370                    /home/farooq/.ivy2/cache/io.spray/spray-json_2.10/bundles/spray-json_2.10-1.3.4.jar
7f58e4059000-7f58e405b000 r--s 00019000 08:04 2106368                    /home/farooq/.ivy2/cache/io.github.sugakandrey/scala-compiler-indices-protocol_2.10/jars/scala-compiler-indices-protocol_2.10-0.1.1.jar
7f58e405b000-7f58e405e000 r--s 00011000 08:04 2106366                    /home/farooq/.ivy2/cache/scala_2.10/sbt_0.13/org.jetbrains/sbt-idea-compiler-indices/jars/sbt-idea-compiler-indices-0.1.3.jar
7f58e405e000-7f58e4060000 r--s 00002000 08:04 1976013                    /home/farooq/.ivy2/cache/scala_2.10/sbt_0.13/org.jetbrains/sbt-idea-shell/jars/sbt-idea-shell-2018.3.jar
7f58e4060000-7f58e4072000 r--s 0009c000 08:04 1976007                    /home/farooq/.ivy2/cache/scala_2.10/sbt_0.13/org.jetbrains/sbt-structure-extractor/jars/sbt-structure-extractor-2018.2.1+4-88400d3f.jar
7f58e4072000-7f58e4074000 r--s 00016000 08:04 801464                     /usr/lib/jvm/java-8-openjdk-amd64/jre/lib/jce.jar
7f58e4074000-7f58e4087000 r--s 00346000 08:04 801470                     /usr/lib/jvm/java-8-openjdk-amd64/jre/lib/resources.jar
7f58e4087000-7f58e4287000 rw-p 00000000 00:00 0 
7f58e4287000-7f58e4300000 r--s 01104000 08:04 1194907                    /usr/lib/jvm/java-8-openjdk-amd64/lib/tools.jar
7f58e4300000-7f58e4500000 rw-p 00000000 00:00 0 
7f58e4500000-7f58e4505000 r--s 000a3000 08:04 801466                     /usr/lib/jvm/java-8-openjdk-amd64/jre/lib/jsse.jar
7f58e4505000-7f58e4705000 rw-p 00000000 00:00 0 
7f58e4705000-7f58e4708000 ---p 00000000 00:00 0 
7f58e4708000-7f58e473e000 rw-p 00000000 00:00 0 
7f58e473e000-7f58e4740000 r--s 0000b000 08:04 1975784                    /home/farooq/.sbt/boot/scala-2.10.7/org.scala-sbt/sbt/0.13.18/xsbti/interface-0.13.18.jar
7f58e4740000-7f58e4741000 r--s 0000c000 08:04 1975774                    /home/farooq/.sbt/boot/scala-2.10.7/org.scala-sbt/sbt/0.13.18/sbt-0.13.18.jar
7f58e4741000-7f58e4941000 rw-p 00000000 00:00 0 
7f58e4941000-7f58e4946000 r--s 0003a000 08:04 1975788                    /home/farooq/.sbt/boot/scala-2.10.7/org.scala-sbt/sbt/0.13.18/command-0.13.18.jar
7f58e4946000-7f58e4977000 r--s 00274000 08:04 1975786                    /home/farooq/.sbt/boot/scala-2.10.7/org.scala-sbt/sbt/0.13.18/main-0.13.18.jar
7f58e4977000-7f58e4979000 r--s 00004000 08:04 1975744                    /home/farooq/.sbt/boot/scala-2.10.7/org.scala-sbt/sbt/0.13.18/compiler-ivy-integration-0.13.18.jar
7f58e4979000-7f58e4980000 r--s 0003f000 08:04 1975765                    /home/farooq/.sbt/boot/scala-2.10.7/org.scala-sbt/sbt/0.13.18/io-0.13.18.jar
7f58e4980000-7f58e4983000 r--s 0001e000 08:04 1975767                    /home/farooq/.sbt/boot/scala-2.10.7/org.scala-sbt/sbt/0.13.18/task-system-0.13.18.jar
7f58e4983000-7f58e4985000 r--s 00012000 08:04 1975781                    /home/farooq/.sbt/boot/scala-2.10.7/org.scala-sbt/sbt/0.13.18/jawn-parser_2.10-0.6.0.jar
7f58e4985000-7f58e498b000 r--s 00040000 08:04 1975779                    /home/farooq/.sbt/boot/scala-2.10.7/org.scala-sbt/sbt/0.13.18/api-0.13.18.jar
7f58e498b000-7f58e498e000 r--s 0001a000 08:04 1975790                    /home/farooq/.sbt/boot/scala-2.10.7/org.scala-sbt/sbt/0.13.18/cache-0.13.18.jar
7f58e498e000-7f58e4990000 r--s 00006000 08:04 1975759                    /home/farooq/.sbt/boot/scala-2.10.7/org.scala-sbt/sbt/0.13.18/relation-0.13.18.jar
7f58e4990000-7f58e499e000 r--s 000bc000 08:04 1975747                    /home/farooq/.sbt/boot/scala-2.10.7/org.scala-sbt/sbt/0.13.18/scala-pickling_2.10-0.10.1.jar
7f58e499e000-7f58e49a1000 r--s 00018000 08:04 1975785                    /home/farooq/.sbt/boot/scala-2.10.7/org.scala-sbt/sbt/0.13.18/logging-0.13.18.jar
7f58e49a1000-7f58e49a5000 r--s 0001b000 08:04 1975773                    /home/farooq/.sbt/boot/scala-2.10.7/org.scala-sbt/sbt/0.13.18/process-0.13.18.jar
7f58e49a5000-7f58e49ab000 r--s 00038000 08:04 1975754                    /home/farooq/.sbt/boot/scala-2.10.7/org.scala-sbt/sbt/0.13.18/compiler-interface-0.13.18.jar
7f58e49ab000-7f58e49ad000 r--s 00002000 08:04 1975787                    /home/farooq/.sbt/boot/scala-2.10.7/org.scala-sbt/sbt/0.13.18/control-0.13.18.jar
7f58e49ad000-7f58e49af000 r--s 00014000 08:04 1975771                    /home/farooq/.sbt/boot/scala-2.10.7/org.scala-sbt/sbt/0.13.18/classpath-0.13.18.jar
7f58e49af000-7f58e49b0000 r--s 00001000 08:04 1975742                    /home/farooq/.sbt/boot/scala-2.10.7/org.scala-sbt/sbt/0.13.18/json4s-support_2.10-0.6.0.jar
7f58e49b0000-7f58e49b2000 r--s 00015000 08:04 1975766                    /home/farooq/.sbt/boot/scala-2.10.7/org.scala-sbt/sbt/0.13.18/classfile-0.13.18.jar
7f58e49b2000-7f58e49bb000 r--s 0006f000 08:04 1975782                    /home/farooq/.sbt/boot/scala-2.10.7/org.scala-sbt/sbt/0.13.18/actions-0.13.18.jar
7f58e49bb000-7f58e49c0000 r--s 00025000 08:04 1975756                    /home/farooq/.sbt/boot/scala-2.10.7/org.scala-sbt/sbt/0.13.18/persist-0.13.18.jar
7f58e49c0000-7f58e49c6000 r--s 00039000 08:04 1975755                    /home/farooq/.sbt/boot/scala-2.10.7/org.scala-sbt/sbt/0.13.18/compile-0.13.18.jar
7f58e49c6000-7f58e49c8000 r--s 0000e000 08:04 1975752                    /home/farooq/.sbt/boot/scala-2.10.7/org.scala-sbt/sbt/0.13.18/logic-0.13.18.jar
7f58e49c8000-7f58e49c9000 r--s 00002000 08:04 1975746                    /home/farooq/.sbt/boot/scala-2.10.7/org.scala-sbt/sbt/0.13.18/cross-0.13.18.jar
7f58e49c9000-7f58e49d3000 r--s 00070000 08:04 1975761                    /home/farooq/.sbt/boot/scala-2.10.7/org.scala-sbt/sbt/0.13.18/incremental-compiler-0.13.18.jar
7f58e49d3000-7f58e49db000 r--s 00060000 08:04 1975780                    /home/farooq/.sbt/boot/scala-2.10.7/org.scala-sbt/sbt/0.13.18/collections-0.13.18.jar
7f58e49db000-7f58e49e5000 r--s 00085000 08:04 1975791                    /home/farooq/.sbt/boot/scala-2.10.7/org.scala-sbt/sbt/0.13.18/json4s-core_2.10-3.2.10.jar
7f58e49e5000-7f58e4a08000 r--s 001bc000 08:04 1975745                    /home/farooq/.sbt/boot/scala-2.10.7/org.scala-sbt/sbt/0.13.18/ivy-0.13.18.jar
7f58e4a08000-7f58e4a0c000 r--s 00022000 08:04 1975748                    /home/farooq/.sbt/boot/scala-2.10.7/org.scala-sbt/sbt/0.13.18/sbinary_2.10-0.4.2.jar
7f58e4a0c000-7f58e4a41000 r--s 002df000 08:04 1975768                    /home/farooq/.sbt/boot/scala-2.10.7/org.scala-sbt/sbt/0.13.18/scala-reflect-2.10.7.jar
7f58e4a41000-7f58e4a45000 r--s 0003e000 08:04 1975753                    /home/farooq/.sbt/boot/scala-2.10.7/org.scala-sbt/sbt/0.13.18/jline-2.14.5.jar
7f58e4a45000-7f58e4a50000 r--s 0009b000 08:04 1975749                    /home/farooq/.sbt/boot/scala-2.10.7/org.scala-sbt/sbt/0.13.18/main-settings-0.13.18.jar
7f58e4a50000-7f58e4a65000 r--s 00101000 08:04 1975751                    /home/farooq/.sbt/boot/scala-2.10.7/org.scala-sbt/sbt/0.13.18/ivy-2.3.0-sbt-b18f59ea3bc914a297bb6f1a4f7fb0ace399e310.jar
7f58e4a65000-7f58e4b64000 r--s 00cda000 08:04 1975798                    /home/farooq/.sbt/boot/scala-2.10.7/lib/scala-compiler.jar
7f58e4b64000-7f58e4bd7000 r--s 0065b000 08:04 1975800                    /home/farooq/.sbt/boot/scala-2.10.7/lib/scala-library.jar
7f58e4bd7000-7f58e4be8000 r-xp 00000000 08:04 801442                     /usr/lib/jvm/java-8-openjdk-amd64/jre/lib/amd64/libnio.so
7f58e4be8000-7f58e4de7000 ---p 00011000 08:04 801442                     /usr/lib/jvm/java-8-openjdk-amd64/jre/lib/amd64/libnio.so
7f58e4de7000-7f58e4de8000 r--p 00010000 08:04 801442                     /usr/lib/jvm/java-8-openjdk-amd64/jre/lib/amd64/libnio.so
7f58e4de8000-7f58e4de9000 rw-p 00011000 08:04 801442                     /usr/lib/jvm/java-8-openjdk-amd64/jre/lib/amd64/libnio.so
7f58e4de9000-7f58e4dff000 r-xp 00000000 08:04 801441                     /usr/lib/jvm/java-8-openjdk-amd64/jre/lib/amd64/libnet.so
7f58e4dff000-7f58e4ffe000 ---p 00016000 08:04 801441                     /usr/lib/jvm/java-8-openjdk-amd64/jre/lib/amd64/libnet.so
7f58e4ffe000-7f58e4fff000 r--p 00015000 08:04 801441                     /usr/lib/jvm/java-8-openjdk-amd64/jre/lib/amd64/libnet.so
7f58e4fff000-7f58e5000000 rw-p 00016000 08:04 801441                     /usr/lib/jvm/java-8-openjdk-amd64/jre/lib/amd64/libnet.so
7f58e5000000-7f58e8000000 rw-p 00000000 00:00 0 
7f58e8000000-7f58e8021000 rw-p 00000000 00:00 0 
7f58e8021000-7f58ec000000 ---p 00000000 00:00 0 
7f58ec000000-7f58ec001000 r--s 00005000 08:04 1975758                    /home/farooq/.sbt/boot/scala-2.10.7/org.scala-sbt/sbt/0.13.18/test-agent-0.13.18.jar
7f58ec001000-7f58ec003000 r--s 00013000 08:04 1975764                    /home/farooq/.sbt/boot/scala-2.10.7/org.scala-sbt/sbt/0.13.18/json4s-ast_2.10-3.2.10.jar
7f58ec003000-7f58ec006000 r--s 00017000 08:04 1975750                    /home/farooq/.sbt/boot/scala-2.10.7/org.scala-sbt/sbt/0.13.18/testing-0.13.18.jar
7f58ec006000-7f58ec008000 r--s 00007000 08:04 1975776                    /home/farooq/.sbt/boot/scala-2.10.7/org.scala-sbt/sbt/0.13.18/paranamer-2.6.jar
7f58ec008000-7f58ec014000 r--s 000a4000 08:04 1975770                    /home/farooq/.sbt/boot/scala-2.10.7/org.scala-sbt/sbt/0.13.18/quasiquotes_2.10-2.0.1.jar
7f58ec014000-7f58ec016000 r--s 00014000 08:04 1975778                    /home/farooq/.sbt/boot/scala-2.10.7/org.scala-sbt/sbt/0.13.18/apply-macro-0.13.18.jar
7f58ec016000-7f58ec018000 r--s 00002000 08:04 1975777                    /home/farooq/.sbt/boot/scala-2.10.7/org.scala-sbt/sbt/0.13.18/test-interface-1.0.jar
7f58ec018000-7f58ec020000 r--s 00058000 08:04 1975769                    /home/farooq/.sbt/boot/scala-2.10.7/org.scala-sbt/sbt/0.13.18/completion-0.13.18.jar
7f58ec020000-7f58ec024000 r--s 0001c000 08:04 1975772                    /home/farooq/.sbt/boot/scala-2.10.7/org.scala-sbt/sbt/0.13.18/compiler-integration-0.13.18.jar
7f58ec024000-7f58ec059000 r--s 002df000 08:04 1975797                    /home/farooq/.sbt/boot/scala-2.10.7/lib/scala-reflect.jar
7f58ec059000-7f58ec076000 r--s 0011a000 08:04 1852966                    /home/farooq/.IdeaIC2019.2/config/plugins/Scala/launcher/sbt-launch.jar
7f58ec076000-7f58ec077000 ---p 00000000 00:00 0 
7f58ec077000-7f58ec177000 rw-p 00000000 00:00 0 
7f58ec177000-7f58ec17a000 ---p 00000000 00:00 0 
7f58ec17a000-7f58ec278000 rw-p 00000000 00:00 0 
7f58ec278000-7f58ec279000 ---p 00000000 00:00 0 
7f58ec279000-7f58ec27c000 ---p 00000000 00:00 0 
7f58ec27c000-7f58ec379000 rw-p 00000000 00:00 0 
7f58ec379000-7f58ec37a000 ---p 00000000 00:00 0 
7f58ec37a000-7f58ec37d000 ---p 00000000 00:00 0 
7f58ec37d000-7f58ec47a000 rw-p 00000000 00:00 0 
7f58ec47a000-7f58ec47b000 ---p 00000000 00:00 0 
7f58ec47b000-7f58ec47e000 ---p 00000000 00:00 0 
7f58ec47e000-7f58ec57b000 rw-p 00000000 00:00 0 
7f58ec57b000-7f58ec57e000 ---p 00000000 00:00 0 
7f58ec57e000-7f58ec67c000 rw-p 00000000 00:00 0 
7f58ec67c000-7f58ec67f000 ---p 00000000 00:00 0 
7f58ec67f000-7f58ec77d000 rw-p 00000000 00:00 0 
7f58ec77d000-7f58ec781000 r-xp 00000000 08:04 801422                     /usr/lib/jvm/java-8-openjdk-amd64/jre/lib/amd64/libdt_socket.so
7f58ec781000-7f58ec980000 ---p 00004000 08:04 801422                     /usr/lib/jvm/java-8-openjdk-amd64/jre/lib/amd64/libdt_socket.so
7f58ec980000-7f58ec981000 r--p 00003000 08:04 801422                     /usr/lib/jvm/java-8-openjdk-amd64/jre/lib/amd64/libdt_socket.so
7f58ec981000-7f58ec982000 rw-p 00004000 08:04 801422                     /usr/lib/jvm/java-8-openjdk-amd64/jre/lib/amd64/libdt_socket.so
7f58ec982000-7f58ec985000 ---p 00000000 00:00 0 
7f58ec985000-7f58eca83000 rw-p 00000000 00:00 0 
7f58eca83000-7f58eca86000 ---p 00000000 00:00 0 
7f58eca86000-7f58ecb84000 rw-p 00000000 00:00 0 
7f58ecb84000-7f58ecb87000 ---p 00000000 00:00 0 
7f58ecb87000-7f58ecc85000 rw-p 00000000 00:00 0 
7f58ecc85000-7f58ecc86000 ---p 00000000 00:00 0 
7f58ecc86000-7f58edc95000 rw-p 00000000 00:00 0 
7f58edc95000-7f58ede65000 r--s 03c5c000 08:04 801471                     /usr/lib/jvm/java-8-openjdk-amd64/jre/lib/rt.jar
7f58ede65000-7f58ee965000 rw-p 00000000 00:00 0 
7f58ee965000-7f58ee966000 ---p 00000000 00:00 0 
7f58ee966000-7f58eea66000 rw-p 00000000 00:00 0 
7f58eea66000-7f58eea67000 ---p 00000000 00:00 0 
7f58eea67000-7f58eeb67000 rw-p 00000000 00:00 0 
7f58eeb67000-7f58eeb68000 ---p 00000000 00:00 0 
7f58eeb68000-7f58eec77000 rw-p 00000000 00:00 0 
7f58eec77000-7f58eee68000 ---p 00000000 00:00 0 
7f58eee68000-7f58eee77000 rw-p 00000000 00:00 0 
7f58eee77000-7f58ef068000 ---p 00000000 00:00 0 
7f58ef068000-7f58ef0aa000 rw-p 00000000 00:00 0 
7f58ef0aa000-7f58ef168000 ---p 00000000 00:00 0 
7f58ef168000-7f58ef1be000 rw-p 00000000 00:00 0 
7f58ef1be000-7f58ef529000 ---p 00000000 00:00 0 
7f58ef529000-7f58f0a39000 rwxp 00000000 00:00 0 
7f58f0a39000-7f58fe529000 ---p 00000000 00:00 0 
7f58fe529000-7f58fe531000 r-xp 00000000 08:04 801449                     /usr/lib/jvm/java-8-openjdk-amd64/jre/lib/amd64/libzip.so
7f58fe531000-7f58fe730000 ---p 00008000 08:04 801449                     /usr/lib/jvm/java-8-openjdk-amd64/jre/lib/amd64/libzip.so
7f58fe730000-7f58fe731000 r--p 00007000 08:04 801449                     /usr/lib/jvm/java-8-openjdk-amd64/jre/lib/amd64/libzip.so
7f58fe731000-7f58fe732000 rw-p 00008000 08:04 801449                     /usr/lib/jvm/java-8-openjdk-amd64/jre/lib/amd64/libzip.so
7f58fe732000-7f58fe73d000 r-xp 00000000 08:04 792188                     /lib/x86_64-linux-gnu/libnss_files-2.27.so
7f58fe73d000-7f58fe93c000 ---p 0000b000 08:04 792188                     /lib/x86_64-linux-gnu/libnss_files-2.27.so
7f58fe93c000-7f58fe93d000 r--p 0000a000 08:04 792188                     /lib/x86_64-linux-gnu/libnss_files-2.27.so
7f58fe93d000-7f58fe93e000 rw-p 0000b000 08:04 792188                     /lib/x86_64-linux-gnu/libnss_files-2.27.so
7f58fe93e000-7f58fe944000 rw-p 00000000 00:00 0 
7f58fe944000-7f58fe95b000 r-xp 00000000 08:04 792182                     /lib/x86_64-linux-gnu/libnsl-2.27.so
7f58fe95b000-7f58feb5a000 ---p 00017000 08:04 792182                     /lib/x86_64-linux-gnu/libnsl-2.27.so
7f58feb5a000-7f58feb5b000 r--p 00016000 08:04 792182                     /lib/x86_64-linux-gnu/libnsl-2.27.so
7f58feb5b000-7f58feb5c000 rw-p 00017000 08:04 792182                     /lib/x86_64-linux-gnu/libnsl-2.27.so
7f58feb5c000-7f58feb5e000 rw-p 00000000 00:00 0 
7f58feb5e000-7f58feb69000 r-xp 00000000 08:04 792199                     /lib/x86_64-linux-gnu/libnss_nis-2.27.so
7f58feb69000-7f58fed68000 ---p 0000b000 08:04 792199                     /lib/x86_64-linux-gnu/libnss_nis-2.27.so
7f58fed68000-7f58fed69000 r--p 0000a000 08:04 792199                     /lib/x86_64-linux-gnu/libnss_nis-2.27.so
7f58fed69000-7f58fed6a000 rw-p 0000b000 08:04 792199                     /lib/x86_64-linux-gnu/libnss_nis-2.27.so
7f58fed6a000-7f58fed72000 r-xp 00000000 08:04 792184                     /lib/x86_64-linux-gnu/libnss_compat-2.27.so
7f58fed72000-7f58fef72000 ---p 00008000 08:04 792184                     /lib/x86_64-linux-gnu/libnss_compat-2.27.so
7f58fef72000-7f58fef73000 r--p 00008000 08:04 792184                     /lib/x86_64-linux-gnu/libnss_compat-2.27.so
7f58fef73000-7f58fef74000 rw-p 00009000 08:04 792184                     /lib/x86_64-linux-gnu/libnss_compat-2.27.so
7f58fef74000-7f58ff995000 r--p 00000000 08:04 400051                     /usr/lib/locale/locale-archive
7f58ff995000-7f58ff997000 r-xp 00000000 08:04 801443                     /usr/lib/jvm/java-8-openjdk-amd64/jre/lib/amd64/libnpt.so
7f58ff997000-7f58ffb97000 ---p 00002000 08:04 801443                     /usr/lib/jvm/java-8-openjdk-amd64/jre/lib/amd64/libnpt.so
7f58ffb97000-7f58ffb98000 r--p 00002000 08:04 801443                     /usr/lib/jvm/java-8-openjdk-amd64/jre/lib/amd64/libnpt.so
7f58ffb98000-7f58ffb99000 rw-p 00003000 08:04 801443                     /usr/lib/jvm/java-8-openjdk-amd64/jre/lib/amd64/libnpt.so
7f58ffb99000-7f58ffbd3000 r-xp 00000000 08:04 801435                     /usr/lib/jvm/java-8-openjdk-amd64/jre/lib/amd64/libjdwp.so
7f58ffbd3000-7f58ffdd2000 ---p 0003a000 08:04 801435                     /usr/lib/jvm/java-8-openjdk-amd64/jre/lib/amd64/libjdwp.so
7f58ffdd2000-7f58ffdd3000 r--p 00039000 08:04 801435                     /usr/lib/jvm/java-8-openjdk-amd64/jre/lib/amd64/libjdwp.so
7f58ffdd3000-7f58ffdd4000 rw-p 0003a000 08:04 801435                     /usr/lib/jvm/java-8-openjdk-amd64/jre/lib/amd64/libjdwp.so
7f58ffdd4000-7f58ffdfe000 r-xp 00000000 08:04 801430                     /usr/lib/jvm/java-8-openjdk-amd64/jre/lib/amd64/libjava.so
7f58ffdfe000-7f58ffffd000 ---p 0002a000 08:04 801430                     /usr/lib/jvm/java-8-openjdk-amd64/jre/lib/amd64/libjava.so
7f58ffffd000-7f58ffffe000 r--p 00029000 08:04 801430                     /usr/lib/jvm/java-8-openjdk-amd64/jre/lib/amd64/libjava.so
7f58ffffe000-7f5900000000 rw-p 0002a000 08:04 801430                     /usr/lib/jvm/java-8-openjdk-amd64/jre/lib/amd64/libjava.so
7f5900000000-7f59020b3000 rw-p 00000000 00:00 0 
7f59020b3000-7f5904000000 ---p 00000000 00:00 0 
7f5904000000-7f5904002000 r--s 0000b000 08:04 1975789                    /home/farooq/.sbt/boot/scala-2.10.7/org.scala-sbt/sbt/0.13.18/tracking-0.13.18.jar
7f5904002000-7f5904005000 r--s 0001e000 08:04 1975757                    /home/farooq/.sbt/boot/scala-2.10.7/org.scala-sbt/sbt/0.13.18/run-0.13.18.jar
7f5904005000-7f590400c000 r--s 0004b000 08:04 1975762                    /home/farooq/.sbt/boot/scala-2.10.7/org.scala-sbt/sbt/0.13.18/serialization_2.10-0.1.2.jar
7f590400c000-7f5904010000 r--s 0003b000 08:04 1975760                    /home/farooq/.sbt/boot/scala-2.10.7/org.scala-sbt/sbt/0.13.18/jsch-0.1.50.jar
7f5904010000-7f5904014000 r--s 0001d000 08:04 1975775                    /home/farooq/.sbt/boot/scala-2.10.7/org.scala-sbt/sbt/0.13.18/tasks-0.13.18.jar
7f5904014000-7f5904018000 r--s 00025000 08:04 1975801                    /home/farooq/.sbt/boot/scala-2.10.7/lib/jline.jar
7f5904018000-7f590401b000 r--s 00018000 08:04 1975799                    /home/farooq/.sbt/boot/scala-2.10.7/lib/jansi.jar
7f590401b000-7f5904036000 r--s 00394000 08:04 929540                     /usr/lib/jvm/java-8-openjdk-amd64/jre/lib/ext/cldrdata.jar
7f5904036000-7f5904040000 r--s 00116000 08:04 929544                     /usr/lib/jvm/java-8-openjdk-amd64/jre/lib/ext/localedata.jar
7f5904040000-7f5904045000 r--s 0003c000 08:04 929547                     /usr/lib/jvm/java-8-openjdk-amd64/jre/lib/ext/sunjce_provider.jar
7f5904045000-7f59040bb000 rw-p 00000000 00:00 0 
7f59040bb000-7f59040bc000 ---p 00000000 00:00 0 
7f59040bc000-7f59041bc000 rw-p 00000000 00:00 0 
7f59041bc000-7f59041cc000 r-xp 00000000 08:04 801448                     /usr/lib/jvm/java-8-openjdk-amd64/jre/lib/amd64/libverify.so
7f59041cc000-7f59043cb000 ---p 00010000 08:04 801448                     /usr/lib/jvm/java-8-openjdk-amd64/jre/lib/amd64/libverify.so
7f59043cb000-7f59043cd000 r--p 0000f000 08:04 801448                     /usr/lib/jvm/java-8-openjdk-amd64/jre/lib/amd64/libverify.so
7f59043cd000-7f59043ce000 rw-p 00011000 08:04 801448                     /usr/lib/jvm/java-8-openjdk-amd64/jre/lib/amd64/libverify.so
7f59043ce000-7f59043d5000 r-xp 00000000 08:04 792239                     /lib/x86_64-linux-gnu/librt-2.27.so
7f59043d5000-7f59045d4000 ---p 00007000 08:04 792239                     /lib/x86_64-linux-gnu/librt-2.27.so
7f59045d4000-7f59045d5000 r--p 00006000 08:04 792239                     /lib/x86_64-linux-gnu/librt-2.27.so
7f59045d5000-7f59045d6000 rw-p 00007000 08:04 792239                     /lib/x86_64-linux-gnu/librt-2.27.so
7f59045d6000-7f59045ed000 r-xp 00000000 08:04 792135                     /lib/x86_64-linux-gnu/libgcc_s.so.1
7f59045ed000-7f59047ec000 ---p 00017000 08:04 792135                     /lib/x86_64-linux-gnu/libgcc_s.so.1
7f59047ec000-7f59047ed000 r--p 00016000 08:04 792135                     /lib/x86_64-linux-gnu/libgcc_s.so.1
7f59047ed000-7f59047ee000 rw-p 00017000 08:04 792135                     /lib/x86_64-linux-gnu/libgcc_s.so.1
7f59047ee000-7f590498b000 r-xp 00000000 08:04 792161                     /lib/x86_64-linux-gnu/libm-2.27.so
7f590498b000-7f5904b8a000 ---p 0019d000 08:04 792161                     /lib/x86_64-linux-gnu/libm-2.27.so
7f5904b8a000-7f5904b8b000 r--p 0019c000 08:04 792161                     /lib/x86_64-linux-gnu/libm-2.27.so
7f5904b8b000-7f5904b8c000 rw-p 0019d000 08:04 792161                     /lib/x86_64-linux-gnu/libm-2.27.so
7f5904b8c000-7f5904d05000 r-xp 00000000 08:04 403805                     /usr/lib/x86_64-linux-gnu/libstdc++.so.6.0.25
7f5904d05000-7f5904f05000 ---p 00179000 08:04 403805                     /usr/lib/x86_64-linux-gnu/libstdc++.so.6.0.25
7f5904f05000-7f5904f0f000 r--p 00179000 08:04 403805                     /usr/lib/x86_64-linux-gnu/libstdc++.so.6.0.25
7f5904f0f000-7f5904f11000 rw-p 00183000 08:04 403805                     /usr/lib/x86_64-linux-gnu/libstdc++.so.6.0.25
7f5904f11000-7f5904f15000 rw-p 00000000 00:00 0 
7f5904f15000-7f5905bb4000 r-xp 00000000 08:04 801452                     /usr/lib/jvm/java-8-openjdk-amd64/jre/lib/amd64/server/libjvm.so
7f5905bb4000-7f5905db4000 ---p 00c9f000 08:04 801452                     /usr/lib/jvm/java-8-openjdk-amd64/jre/lib/amd64/server/libjvm.so
7f5905db4000-7f5905e48000 r--p 00c9f000 08:04 801452                     /usr/lib/jvm/java-8-openjdk-amd64/jre/lib/amd64/server/libjvm.so
7f5905e48000-7f5905e71000 rw-p 00d33000 08:04 801452                     /usr/lib/jvm/java-8-openjdk-amd64/jre/lib/amd64/server/libjvm.so
7f5905e71000-7f5905ea1000 rw-p 00000000 00:00 0 
7f5905ea1000-7f5905ebb000 r-xp 00000000 08:04 792231                     /lib/x86_64-linux-gnu/libpthread-2.27.so
7f5905ebb000-7f59060ba000 ---p 0001a000 08:04 792231                     /lib/x86_64-linux-gnu/libpthread-2.27.so
7f59060ba000-7f59060bb000 r--p 00019000 08:04 792231                     /lib/x86_64-linux-gnu/libpthread-2.27.so
7f59060bb000-7f59060bc000 rw-p 0001a000 08:04 792231                     /lib/x86_64-linux-gnu/libpthread-2.27.so
7f59060bc000-7f59060c0000 rw-p 00000000 00:00 0 
7f59060c0000-7f59060c3000 r-xp 00000000 08:04 792121                     /lib/x86_64-linux-gnu/libdl-2.27.so
7f59060c3000-7f59062c2000 ---p 00003000 08:04 792121                     /lib/x86_64-linux-gnu/libdl-2.27.so
7f59062c2000-7f59062c3000 r--p 00002000 08:04 792121                     /lib/x86_64-linux-gnu/libdl-2.27.so
7f59062c3000-7f59062c4000 rw-p 00003000 08:04 792121                     /lib/x86_64-linux-gnu/libdl-2.27.so
7f59062c4000-7f59062e0000 r-xp 00000000 08:04 792270                     /lib/x86_64-linux-gnu/libz.so.1.2.11
7f59062e0000-7f59064df000 ---p 0001c000 08:04 792270                     /lib/x86_64-linux-gnu/libz.so.1.2.11
7f59064df000-7f59064e0000 r--p 0001b000 08:04 792270                     /lib/x86_64-linux-gnu/libz.so.1.2.11
7f59064e0000-7f59064e1000 rw-p 0001c000 08:04 792270                     /lib/x86_64-linux-gnu/libz.so.1.2.11
7f59064e1000-7f59066c8000 r-xp 00000000 08:04 792098                     /lib/x86_64-linux-gnu/libc-2.27.so
7f59066c8000-7f59068c8000 ---p 001e7000 08:04 792098                     /lib/x86_64-linux-gnu/libc-2.27.so
7f59068c8000-7f59068cc000 r--p 001e7000 08:04 792098                     /lib/x86_64-linux-gnu/libc-2.27.so
7f59068cc000-7f59068ce000 rw-p 001eb000 08:04 792098                     /lib/x86_64-linux-gnu/libc-2.27.so
7f59068ce000-7f59068d2000 rw-p 00000000 00:00 0 
7f59068d2000-7f59068e0000 r-xp 00000000 08:04 801416                     /usr/lib/jvm/java-8-openjdk-amd64/jre/lib/amd64/jli/libjli.so
7f59068e0000-7f5906adf000 ---p 0000e000 08:04 801416                     /usr/lib/jvm/java-8-openjdk-amd64/jre/lib/amd64/jli/libjli.so
7f5906adf000-7f5906ae0000 r--p 0000d000 08:04 801416                     /usr/lib/jvm/java-8-openjdk-amd64/jre/lib/amd64/jli/libjli.so
7f5906ae0000-7f5906ae1000 rw-p 0000e000 08:04 801416                     /usr/lib/jvm/java-8-openjdk-amd64/jre/lib/amd64/jli/libjli.so
7f5906ae1000-7f5906b08000 r-xp 00000000 08:04 792070                     /lib/x86_64-linux-gnu/ld-2.27.so
7f5906b08000-7f5906b23000 r--s 001d6000 08:04 929545                     /usr/lib/jvm/java-8-openjdk-amd64/jre/lib/ext/nashorn.jar
7f5906b23000-7f5906bea000 rw-p 00000000 00:00 0 
7f5906bea000-7f5906beb000 ---p 00000000 00:00 0 
7f5906beb000-7f5906bee000 ---p 00000000 00:00 0 
7f5906bee000-7f5906ced000 rw-p 00000000 00:00 0 
7f5906ced000-7f5906cee000 r--s 00002000 08:04 1975743                    /home/farooq/.sbt/boot/scala-2.10.7/org.scala-sbt/sbt/0.13.18/launcher-interface-1.0.1.jar
7f5906cee000-7f5906cef000 r--s 00000000 08:04 1975763                    /home/farooq/.sbt/boot/scala-2.10.7/org.scala-sbt/sbt/0.13.18/template-resolver-0.1.jar
7f5906cef000-7f5906cf0000 r--s 0000a000 08:04 929543                     /usr/lib/jvm/java-8-openjdk-amd64/jre/lib/ext/jaccess.jar
7f5906cf0000-7f5906cf1000 r--s 0000d000 08:04 929546                     /usr/lib/jvm/java-8-openjdk-amd64/jre/lib/ext/sunec.jar
7f5906cf1000-7f5906cf4000 r--s 00039000 08:04 929548                     /usr/lib/jvm/java-8-openjdk-amd64/jre/lib/ext/sunpkcs11.jar
7f5906cf4000-7f5906cf7000 r--s 0000f000 08:04 929542                     /usr/lib/jvm/java-8-openjdk-amd64/jre/lib/ext/icedtea-sound.jar
7f5906cf7000-7f5906cf8000 r--s 00010000 08:04 929549                     /usr/lib/jvm/java-8-openjdk-amd64/jre/lib/ext/zipfs.jar
7f5906cf8000-7f5906cfa000 r--s 00007000 08:04 667461                     /usr/share/java/java-atk-wrapper.jar
7f5906cfa000-7f5906cfc000 r--s 00001000 08:04 929541                     /usr/lib/jvm/java-8-openjdk-amd64/jre/lib/ext/dnsns.jar
7f5906cfc000-7f5906d04000 rw-s 00000000 08:04 2752587                    /tmp/hsperfdata_farooq/5501
7f5906d04000-7f5906d05000 rw-p 00000000 00:00 0 
7f5906d05000-7f5906d06000 ---p 00000000 00:00 0 
7f5906d06000-7f5906d08000 rw-p 00000000 00:00 0 
7f5906d08000-7f5906d09000 r--p 00027000 08:04 792070                     /lib/x86_64-linux-gnu/ld-2.27.so
7f5906d09000-7f5906d0a000 rw-p 00028000 08:04 792070                     /lib/x86_64-linux-gnu/ld-2.27.so
7f5906d0a000-7f5906d0b000 rw-p 00000000 00:00 0 
7ffd153b9000-7ffd153da000 rw-p 00000000 00:00 0                          [stack]
7ffd153f9000-7ffd153fc000 r--p 00000000 00:00 0                          [vvar]
7ffd153fc000-7ffd153fd000 r-xp 00000000 00:00 0                          [vdso]
ffffffffff600000-ffffffffff601000 r-xp 00000000 00:00 0                  [vsyscall]

VM Arguments:
jvm_args: -agentlib:jdwp=transport=dt_socket,address=localhost:36269,suspend=n,server=y -Xdebug -Xmx1536M -Dsbt.supershell=false -Didea.managed=true -Dfile.encoding=UTF-8 
java_command: /home/farooq/.IdeaIC2019.2/config/plugins/Scala/launcher/sbt-launch.jar --addPluginSbtFile=/tmp/idea.sbt ; set ideaPort in Global := 45961 ; idea-shell
java_class_path (initial): /home/farooq/.IdeaIC2019.2/config/plugins/Scala/launcher/sbt-launch.jar
Launcher Type: SUN_STANDARD

Environment Variables:
PATH=/home/farooq/.local/bin:/usr/local/sbin:/usr/local/bin:/usr/sbin:/usr/bin:/sbin:/bin:/usr/games:/usr/local/games:/snap/bin
USERNAME=farooq
SHELL=/bin/bash
DISPLAY=:0

Signal Handlers:
SIGSEGV: [libjvm.so+0xab92f0], sa_mask[0]=11111111011111111101111111111110, sa_flags=SA_RESTART|SA_SIGINFO
SIGBUS: [libjvm.so+0xab92f0], sa_mask[0]=11111111011111111101111111111110, sa_flags=SA_RESTART|SA_SIGINFO
SIGFPE: [libjvm.so+0x8ee560], sa_mask[0]=11111111011111111101111111111110, sa_flags=SA_RESTART|SA_SIGINFO
SIGPIPE: [libjvm.so+0x8ee560], sa_mask[0]=11111111011111111101111111111110, sa_flags=SA_RESTART|SA_SIGINFO
SIGXFSZ: [libjvm.so+0x8ee560], sa_mask[0]=11111111011111111101111111111110, sa_flags=SA_RESTART|SA_SIGINFO
SIGILL: [libjvm.so+0x8ee560], sa_mask[0]=11111111011111111101111111111110, sa_flags=SA_RESTART|SA_SIGINFO
SIGUSR1: SIG_DFL, sa_mask[0]=00000000000000000000000000000000, sa_flags=none
SIGUSR2: [libjvm.so+0x8ee410], sa_mask[0]=00100000000000000000000000000000, sa_flags=SA_RESTART|SA_SIGINFO
SIGHUP: [libjvm.so+0x8eea80], sa_mask[0]=11111111011111111101111111111110, sa_flags=SA_RESTART|SA_SIGINFO
SIGINT: [libjvm.so+0x8eea80], sa_mask[0]=11111111011111111101111111111110, sa_flags=SA_RESTART|SA_SIGINFO
SIGTERM: [libjvm.so+0x8eea80], sa_mask[0]=11111111011111111101111111111110, sa_flags=SA_RESTART|SA_SIGINFO
SIGQUIT: [libjvm.so+0x8eea80], sa_mask[0]=11111111011111111101111111111110, sa_flags=SA_RESTART|SA_SIGINFO


---------------  S Y S T E M  ---------------

OS:DISTRIB_ID=Ubuntu
DISTRIB_RELEASE=18.04
DISTRIB_CODENAME=bionic
DISTRIB_DESCRIPTION="Ubuntu 18.04.3 LTS"

uname:Linux 5.0.0-31-generic #33~18.04.1-Ubuntu SMP Tue Oct 1 10:20:39 UTC 2019 x86_64
libc:glibc 2.27 NPTL 2.27 
rlimit: STACK 8192k, CORE 0k, NPROC 7133, NOFILE 1048576, AS infinity
load average:6.45 3.16 1.98

/proc/meminfo:
MemTotal:        1873796 kB
MemFree:           81504 kB
MemAvailable:          0 kB
Buffers:             604 kB
Cached:            65896 kB
SwapCached:         8732 kB
Active:          1187420 kB
Inactive:         404904 kB
Active(anon):    1176436 kB
Inactive(anon):   396144 kB
Active(file):      10984 kB
Inactive(file):     8760 kB
Unevictable:         340 kB
Mlocked:              64 kB
SwapTotal:       2097148 kB
SwapFree:            416 kB
Dirty:                 0 kB
Writeback:             0 kB
AnonPages:       1518580 kB
Mapped:            19216 kB
Shmem:             46212 kB
KReclaimable:      34868 kB
Slab:              82276 kB
SReclaimable:      34868 kB
SUnreclaim:        47408 kB
KernelStack:       12128 kB
PageTables:        53292 kB
NFS_Unstable:          0 kB
Bounce:                0 kB
WritebackTmp:          0 kB
CommitLimit:     3034044 kB
Committed_AS:    8852688 kB
VmallocTotal:   34359738367 kB
VmallocUsed:           0 kB
VmallocChunk:          0 kB
Percpu:             1136 kB
HardwareCorrupted:     0 kB
AnonHugePages:         0 kB
ShmemHugePages:        0 kB
ShmemPmdMapped:        0 kB
CmaTotal:              0 kB
CmaFree:               0 kB
HugePages_Total:       0
HugePages_Free:        0
HugePages_Rsvd:        0
HugePages_Surp:        0
Hugepagesize:       2048 kB
Hugetlb:               0 kB
DirectMap4k:      173936 kB
DirectMap2M:     1826816 kB
DirectMap1G:           0 kB

container (cgroup) information:
container_type: cgroupv1
cpu_cpuset_cpus: 0-3
cpu_memory_nodes: 0
active_processor_count: 4
cpu_quota: -1
cpu_period: 100000
cpu_shares: -1
memory_limit_in_bytes: -1
memory_and_swap_limit_in_bytes: -2
memory_soft_limit_in_bytes: -1
memory_usage_in_bytes: 1630121984
memory_max_usage_in_bytes: 26484736


CPU:total 4 (initial active 4) (2 cores per cpu, 2 threads per core) family 6 model 69 stepping 1, cmov, cx8, fxsr, mmx, sse, sse2, sse3, ssse3, sse4.1, sse4.2, popcnt, avx, avx2, aes, clmul, erms, lzcnt, ht, tsc, tscinvbit, bmi1, bmi2

/proc/cpuinfo:
processor	: 0
vendor_id	: GenuineIntel
cpu family	: 6
model		: 69
model name	: Intel(R) Core(TM) i7-4600U CPU @ 2.10GHz
stepping	: 1
microcode	: 0x25
cpu MHz		: 2977.217
cache size	: 4096 KB
physical id	: 0
siblings	: 4
core id		: 0
cpu cores	: 2
apicid		: 0
initial apicid	: 0
fpu		: yes
fpu_exception	: yes
cpuid level	: 13
wp		: yes
flags		: fpu vme de pse tsc msr pae mce cx8 apic sep mtrr pge mca cmov pat pse36 clflush dts acpi mmx fxsr sse sse2 ss ht tm pbe syscall nx pdpe1gb rdtscp lm constant_tsc arch_perfmon pebs bts rep_good nopl xtopology nonstop_tsc cpuid aperfmperf pni pclmulqdq dtes64 monitor ds_cpl vmx smx est tm2 ssse3 sdbg fma cx16 xtpr pdcm pcid sse4_1 sse4_2 x2apic movbe popcnt tsc_deadline_timer aes xsave avx f16c rdrand lahf_lm abm cpuid_fault epb invpcid_single pti ssbd ibrs ibpb stibp tpr_shadow vnmi flexpriority ept vpid ept_ad fsgsbase tsc_adjust bmi1 avx2 smep bmi2 erms invpcid xsaveopt dtherm ida arat pln pts md_clear flush_l1d
bugs		: cpu_meltdown spectre_v1 spectre_v2 spec_store_bypass l1tf mds swapgs
bogomips	: 5387.48
clflush size	: 64
cache_alignment	: 64
address sizes	: 39 bits physical, 48 bits virtual
power management:

processor	: 1
vendor_id	: GenuineIntel
cpu family	: 6
model		: 69
model name	: Intel(R) Core(TM) i7-4600U CPU @ 2.10GHz
stepping	: 1
microcode	: 0x25
cpu MHz		: 2969.177
cache size	: 4096 KB
physical id	: 0
siblings	: 4
core id		: 1
cpu cores	: 2
apicid		: 2
initial apicid	: 2
fpu		: yes
fpu_exception	: yes
cpuid level	: 13
wp		: yes
flags		: fpu vme de pse tsc msr pae mce cx8 apic sep mtrr pge mca cmov pat pse36 clflush dts acpi mmx fxsr sse sse2 ss ht tm pbe syscall nx pdpe1gb rdtscp lm constant_tsc arch_perfmon pebs bts rep_good nopl xtopology nonstop_tsc cpuid aperfmperf pni pclmulqdq dtes64 monitor ds_cpl vmx smx est tm2 ssse3 sdbg fma cx16 xtpr pdcm pcid sse4_1 sse4_2 x2apic movbe popcnt tsc_deadline_timer aes xsave avx f16c rdrand lahf_lm abm cpuid_fault epb invpcid_single pti ssbd ibrs ibpb stibp tpr_shadow vnmi flexpriority ept vpid ept_ad fsgsbase tsc_adjust bmi1 avx2 smep bmi2 erms invpcid xsaveopt dtherm ida arat pln pts md_clear flush_l1d
bugs		: cpu_meltdown spectre_v1 spectre_v2 spec_store_bypass l1tf mds swapgs
bogomips	: 5387.48
clflush size	: 64
cache_alignment	: 64
address sizes	: 39 bits physical, 48 bits virtual
power management:

processor	: 2
vendor_id	: GenuineIntel
cpu family	: 6
model		: 69
model name	: Intel(R) Core(TM) i7-4600U CPU @ 2.10GHz
stepping	: 1
microcode	: 0x25
cpu MHz		: 3008.814
cache size	: 4096 KB
physical id	: 0
siblings	: 4
core id		: 0
cpu cores	: 2
apicid		: 1
initial apicid	: 1
fpu		: yes
fpu_exception	: yes
cpuid level	: 13
wp		: yes
flags		: fpu vme de pse tsc msr pae mce cx8 apic sep mtrr pge mca cmov pat pse36 clflush dts acpi mmx fxsr sse sse2 ss ht tm pbe syscall nx pdpe1gb rdtscp lm constant_tsc arch_perfmon pebs bts rep_good nopl xtopology nonstop_tsc cpuid aperfmperf pni pclmulqdq dtes64 monitor ds_cpl vmx smx est tm2 ssse3 sdbg fma cx16 xtpr pdcm pcid sse4_1 sse4_2 x2apic movbe popcnt tsc_deadline_timer aes xsave avx f16c rdrand lahf_lm abm cpuid_fault epb invpcid_single pti ssbd ibrs ibpb stibp tpr_shadow vnmi flexpriority ept vpid ept_ad fsgsbase tsc_adjust bmi1 avx2 smep bmi2 erms invpcid xsaveopt dtherm ida arat pln pts md_clear flush_l1d
bugs		: cpu_meltdown spectre_v1 spectre_v2 spec_store_bypass l1tf mds swapgs
bogomips	: 5387.48
clflush size	: 64
cache_alignment	: 64
address sizes	: 39 bits physical, 48 bits virtual
power management:

processor	: 3
vendor_id	: GenuineIntel
cpu family	: 6
model		: 69
model name	: Intel(R) Core(TM) i7-4600U CPU @ 2.10GHz
stepping	: 1
microcode	: 0x25
cpu MHz		: 2968.355
cache size	: 4096 KB
physical id	: 0
siblings	: 4
core id		: 1
cpu cores	: 2
apicid		: 3
initial apicid	: 3
fpu		: yes
fpu_exception	: yes
cpuid level	: 13
wp		: yes
flags		: fpu vme de pse tsc msr pae mce cx8 apic sep mtrr pge mca cmov pat pse36 clflush dts acpi mmx fxsr sse sse2 ss ht tm pbe syscall nx pdpe1gb rdtscp lm constant_tsc arch_perfmon pebs bts rep_good nopl xtopology nonstop_tsc cpuid aperfmperf pni pclmulqdq dtes64 monitor ds_cpl vmx smx est tm2 ssse3 sdbg fma cx16 xtpr pdcm pcid sse4_1 sse4_2 x2apic movbe popcnt tsc_deadline_timer aes xsave avx f16c rdrand lahf_lm abm cpuid_fault epb invpcid_single pti ssbd ibrs ibpb stibp tpr_shadow vnmi flexpriority ept vpid ept_ad fsgsbase tsc_adjust bmi1 avx2 smep bmi2 erms invpcid xsaveopt dtherm ida arat pln pts md_clear flush_l1d
bugs		: cpu_meltdown spectre_v1 spectre_v2 spec_store_bypass l1tf mds swapgs
bogomips	: 5387.48
clflush size	: 64
cache_alignment	: 64
address sizes	: 39 bits physical, 48 bits virtual
power management:



Memory: 4k page, physical 1873796k(80176k free), swap 2097148k(0k free)

vm_info: OpenJDK 64-Bit Server VM (25.222-b10) for linux-amd64 JRE (1.8.0_222-8u222-b10-1ubuntu1~18.04.1-b10), built on Jul 18 2019 18:52:48 by "buildd" with gcc 7.4.0

time: Fri Oct 11 01:09:19 2019
timezone: PKT
elapsed time: 173 seconds (0d 0h 2m 53s)

